<?xml version="1.0" encoding="UTF-8"?>
<!-- Generated by org.testng.reporters.JUnitXMLReporter -->
<testsuite ignored="0" hostname="DESKTOP-ONP7J23" failures="0" tests="6" name="Chrome Test" time="191.386" errors="0" timestamp="2023-06-22T18:08:51 IST">
  <testcase classname="Capstone.FinalProject.TestCase5" name="scenarioDemo5" time="33.542"/>
  <testcase classname="Capstone.FinalProject.TestCase4" name="scenarioDemo4" time="16.225"/>
  <testcase classname="Capstone.FinalProject.TestCase6" name="scenario6" time="20.011"/>
  <testcase classname="Capstone.FinalProject.TestCase1" name="scenarioDemo1" time="35.519"/>
  <testcase classname="Capstone.FinalProject.TestCase3" name="scenarioDemo3" time="5.922"/>
  <testcase classname="Capstone.FinalProject.TestCase2" name="scenarioDemo2" time="9.96"/>
</testsuite> <!-- Chrome Test -->
